<?xml version="1.0" encoding="UTF-8"?>
<!-- Generated by org.testng.reporters.JUnitReportReporter -->
<testsuite hostname="abdulraheemPC" failures="0" tests="4" name="myTestCases" time="13.901" errors="0" timestamp="2025-05-28T19:28:05 EET" skipped="3">
  <testcase classname="myTestCases" name="clickOnTwoRandomNumber" time="13.901"/>
  <testcase classname="myTestCases" name="ClickOnAllNumbersOnly">
    <skipped/>
  </testcase> <!-- ClickOnAllNumbersOnly -->
  <testcase classname="myTestCases" name="ClickOnOddNumbers">
    <skipped/>
  </testcase> <!-- ClickOnOddNumbers -->
  <testcase classname="myTestCases" name="myTest">
    <skipped/>
  </testcase> <!-- myTest -->
</testsuite> <!-- myTestCases -->
